0.000 [ Info   ][Logger] No ORO_LOGLEVEL environment variable set.
0.000 [ Info   ][Logger]  OROCOS version '2.8.3' compiled with GCC 5.4.0. Running in GNU/Linux.
0.000 [ Info   ][Logger] Orocos Logging Activated at level : [ Warning] ( 4 ) 
0.000 [ Info   ][Logger] Reference System Time is : 1506948647167730802 ticks ( 1.50695e+09 seconds ).
0.000 [ Info   ][Logger] Logging is relative to this time.
0.000 [ Info   ][Logger] RTT_COMPONENT_PATH was set to: /home/sgo/git-repos/ManipulabilityHRI/rtt-manip-estimator/build/orocos/:/home/sgo/git-repos/ManipulabilityHRI/rtt-fri-cartesian-pose-manager/build/orocos/:/home/sgo/git-repos/ManipulabilityHRI/rtt-fri-linear-variable-stiffness/build/orocos/:/home/sgo/git-repos/rtt-fri-cartesian-impedance/build/orocos/:/home/sgo/citk/systems/cogimon-minimal-nightly/lib/orocos . Searching in: /home/sgo/git-repos/ManipulabilityHRI/rtt-manip-estimator/build/orocos/:/home/sgo/git-repos/ManipulabilityHRI/rtt-fri-cartesian-pose-manager/build/orocos/:/home/sgo/git-repos/ManipulabilityHRI/rtt-fri-linear-variable-stiffness/build/orocos/:/home/sgo/git-repos/rtt-fri-cartesian-impedance/build/orocos/:/home/sgo/citk/systems/cogimon-minimal-nightly/lib/orocos
0.000 [ Info   ][Logger] plugin 'rtt' not loaded before.
0.001 [ Info   ][Logger] Loading plugin libraries from directory /home/sgo/citk/systems/cogimon-minimal-nightly/lib/orocos/gnulinux/./plugins ...
0.001 [ Info   ][Logger] Loaded RTT Service 'scripting' from 'rtt-scripting'
0.001 [ Info   ][Logger] Loaded RTT Service 'marshalling' from 'rtt-marshalling'
0.001 [ Info   ][Logger] typekit 'rtt' not loaded before.
0.001 [ Info   ][Logger] Loading typekit libraries from directory /home/sgo/citk/systems/cogimon-minimal-nightly/lib/orocos/gnulinux/./types ...
0.003 [ Info   ][TypekitRepository::Import] Loading Transport mqueue://rtt-types.
0.003 [ Info   ][Logger] Loaded RTT TypeKit/Transport 'rtt-mqueue-transport' from 'rtt-transport-mqueue'
0.016 [ Info   ][TypekitRepository::Import] Loading Transport CORBA://rtt-types.
0.016 [ Info   ][Logger] Loaded RTT TypeKit/Transport 'rtt-corba-types' from 'rtt-transport-corba'
0.028 [ Info   ][TypekitRepository::Import] Loading Typekit rtt-types.
0.028 [ Info   ][TypekitRepository::Import] Registered new 'mqueue' transport for int
0.028 [ Info   ][TypekitRepository::Import] Registered new 'CORBA' transport for int
0.028 [ Info   ][TypekitRepository::Import] Registered new 'mqueue' transport for uint
0.028 [ Info   ][TypekitRepository::Import] Registered new 'CORBA' transport for uint
0.028 [ Info   ][TypekitRepository::Import] Registered new 'mqueue' transport for double
0.028 [ Info   ][TypekitRepository::Import] Registered new 'CORBA' transport for double
0.028 [ Info   ][TypekitRepository::Import] Registered new 'mqueue' transport for float
0.028 [ Info   ][TypekitRepository::Import] Registered new 'CORBA' transport for float
0.028 [ Info   ][TypekitRepository::Import] Registered new 'mqueue' transport for char
0.028 [ Info   ][TypekitRepository::Import] Registered new 'CORBA' transport for char
0.028 [ Info   ][TypekitRepository::Import] Registered new 'mqueue' transport for bool
0.028 [ Info   ][TypekitRepository::Import] Registered new 'CORBA' transport for bool
0.028 [ Info   ][TypekitRepository::Import] Registered new 'CORBA' transport for void
0.028 [ Info   ][TypekitRepository::Import] Registered new 'CORBA' transport for ConnPolicy
0.029 [ Info   ][TypekitRepository::Import] Registered new 'CORBA' transport for TaskContext
0.029 [ Info   ][TypekitRepository::Import] Registered new 'CORBA' transport for string
0.029 [ Info   ][TypekitRepository::Import] Registered new 'mqueue' transport for array
0.029 [ Info   ][TypekitRepository::Import] Registered new 'CORBA' transport for array
0.029 [ Info   ][TypekitRepository::Import] Registered new 'CORBA' transport for rt_string
0.029 [ Info   ][Logger] Loaded RTT TypeKit/Transport 'rtt-types' from 'rtt-typekit'
0.029 [ Info   ][Logger] RTT_COMPONENT_PATH was set to: /home/sgo/git-repos/ManipulabilityHRI/rtt-manip-estimator/build/orocos/:/home/sgo/git-repos/ManipulabilityHRI/rtt-fri-cartesian-pose-manager/build/orocos/:/home/sgo/git-repos/ManipulabilityHRI/rtt-fri-linear-variable-stiffness/build/orocos/:/home/sgo/git-repos/rtt-fri-cartesian-impedance/build/orocos/:/home/sgo/citk/systems/cogimon-minimal-nightly/lib/orocos . Searching in: /home/sgo/git-repos/ManipulabilityHRI/rtt-manip-estimator/build/orocos/:/home/sgo/git-repos/ManipulabilityHRI/rtt-fri-cartesian-pose-manager/build/orocos/:/home/sgo/git-repos/ManipulabilityHRI/rtt-fri-linear-variable-stiffness/build/orocos/:/home/sgo/git-repos/rtt-fri-cartesian-impedance/build/orocos/:/home/sgo/citk/systems/cogimon-minimal-nightly/lib/orocos
0.029 [ Info   ][Logger] OCL factory set for real-time logging
0.029 [ Info   ][Thread] Creating Thread for scheduler=ORO_SCHED_OTHER, priority=1, CPU affinity=0, with name='Deployer'
0.029 [ Info   ][Deployer] Thread created with scheduler type 'ORO_SCHED_OTHER', priority 0, cpu affinity 255 and period 0 (PID= 11239 ).
0.029 [ Info   ][Logger] No site file was found. Importing 'ocl' by default.
0.029 [ Info   ][ComponentLoader::import(path_list)] Importing directory /home/sgo/citk/systems/cogimon-minimal-nightly/lib/orocos/gnulinux/ocl ...
0.031 [ Info   ][ComponentLoader::import(path_list)] Loaded component type 'OCL::HelloWorld'
0.031 [ Info   ][ComponentLoader::import(path_list)] Loaded multi component library '/home/sgo/citk/systems/cogimon-minimal-nightly/lib/orocos/gnulinux/ocl/liborocos-ocl-logging-gnulinux.so'
0.032 [ Info   ][ComponentLoader::import(path_list)] Loaded multi component library '/home/sgo/citk/systems/cogimon-minimal-nightly/lib/orocos/gnulinux/ocl/liborocos-ocl-reporting-gnulinux.so'
0.033 [ Info   ][ComponentLoader::import(path_list)] Loaded multi component library '/home/sgo/citk/systems/cogimon-minimal-nightly/lib/orocos/gnulinux/ocl/liborocos-ocl-common-gnulinux.so'
0.034 [ Info   ][ComponentLoader::import(path_list)] Loaded multi component library '/home/sgo/citk/systems/cogimon-minimal-nightly/lib/orocos/gnulinux/ocl/liborocos-ocl-timer-gnulinux.so'
0.046 [ Info   ][ComponentLoader::import(path_list)] Loaded multi component library '/home/sgo/citk/systems/cogimon-minimal-nightly/lib/orocos/gnulinux/ocl/liborocos-ocl-reporting-netcdf-gnulinux.so'
0.046 [ Info   ][ComponentLoader::import(path_list)] Loaded component type 'OCL::NetcdfReporting'
0.046 [ Info   ][ComponentLoader::import(path_list)] Loading typekit libraries from directory /home/sgo/citk/systems/cogimon-minimal-nightly/lib/orocos/gnulinux/ocl/types ...
0.048 [ Info   ][TypekitRepository::Import] Loading Typekit OCLTypekit.
0.048 [ Info   ][ComponentLoader::import(path_list)] Loaded RTT TypeKit/Transport 'OCLTypekit' from 'ocl'
0.049 [ Info   ][ComponentLoader::import(path_list)] Loading plugin libraries from directory /home/sgo/citk/systems/cogimon-minimal-nightly/lib/orocos/gnulinux/ocl/plugins ...
0.049 [ Info   ][ComponentLoader::import(path_list)] Loaded RTT Service 'os' from 'os'
0.050 [ Info   ][ComponentLoader::import(path_list)] Loaded RTT Service 'print' from 'print'
0.050 [ Info   ][Logger] Loading Service or Plugin scripting in TaskContext Deployer
0.051 [ Info   ][Logger] Found complete interface of requested service 'scripting'
0.051 [ Info   ][Logger] Running Script rob.ops ...
0.051 [ Info   ][Thread] Creating Thread for scheduler=ORO_SCHED_OTHER, priority=1, CPU affinity=0, with name='GlobalEngine'
0.051 [ Info   ][GlobalEngine] Thread created with scheduler type 'ORO_SCHED_OTHER', priority 0, cpu affinity 255 and period 0 (PID= 11240 ).
0.052 [ Info   ][ComponentLoader::import(path_list)] Importing directory /home/sgo/citk/systems/cogimon-minimal-nightly/lib/orocos/gnulinux/eigen_typekit ...
0.052 [ Info   ][ComponentLoader::import(path_list)] Loading typekit libraries from directory /home/sgo/citk/systems/cogimon-minimal-nightly/lib/orocos/gnulinux/eigen_typekit/types ...
0.054 [ Info   ][TypekitRepository::Import] Loading Typekit Eigen.
0.055 [ Info   ][ComponentLoader::import(path_list)] Loaded RTT TypeKit/Transport 'Eigen' from 'eigen_typekit'
0.055 [ Info   ][ComponentLoader::import(path_list)] Importing directory /home/sgo/citk/systems/cogimon-minimal-nightly/lib/orocos/gnulinux/rst-rt_typekit ...
0.055 [ Info   ][ComponentLoader::import(path_list)] Loading typekit libraries from directory /home/sgo/citk/systems/cogimon-minimal-nightly/lib/orocos/gnulinux/rst-rt_typekit/types ...
0.090 [ Info   ][TypekitRepository::Import] Loading Typekit rst-rt.
0.091 [ Info   ][ComponentLoader::import(path_list)] Loaded RTT TypeKit/Transport 'rst-rt' from 'rst-rt_typekit'
0.091 [ Info   ][ComponentLoader::import(path_list)] Importing directory /home/sgo/citk/systems/cogimon-minimal-nightly/lib/orocos/gnulinux/kdl_typekit ...
0.091 [ Info   ][ComponentLoader::import(path_list)] Loading typekit libraries from directory /home/sgo/citk/systems/cogimon-minimal-nightly/lib/orocos/gnulinux/kdl_typekit/types ...
0.092 [ Info   ][TypekitRepository::Import] Loading Transport CORBA://KDL.
0.092 [ Info   ][ComponentLoader::import(path_list)] Loaded RTT TypeKit/Transport 'kdl-corba-types' from 'kdl-transport-corba'
0.114 [ Info   ][TypekitRepository::Import] Loading Typekit KDL.
0.114 [ Info   ][TypekitRepository::Import] Registered new 'CORBA' transport for KDL.Frame
0.114 [ Info   ][TypekitRepository::Import] Registered new 'CORBA' transport for KDL.Rotation
0.114 [ Info   ][TypekitRepository::Import] Registered new 'CORBA' transport for KDL.Twist
0.114 [ Info   ][TypekitRepository::Import] Registered new 'CORBA' transport for KDL.Vector
0.114 [ Info   ][TypekitRepository::Import] Registered new 'CORBA' transport for KDL.Wrench
0.114 [ Info   ][ComponentLoader::import(path_list)] Loaded RTT TypeKit/Transport 'KDL' from 'kdl_typekit'
0.115 [ Info   ][ComponentLoader::import(path_list)] Importing directory /home/sgo/git-repos/ManipulabilityHRI/rtt-manip-estimator/build/orocos/gnulinux/rtt-manip-estimator ...
0.126 [ Info   ][ComponentLoader::import(path_list)] Loaded component type 'ManipEstimator'
0.126 [ Info   ][Thread] Creating Thread for scheduler=ORO_SCHED_OTHER, priority=1, CPU affinity=0, with name='manip'
0.127 [ Info   ][manip] Thread created with scheduler type 'ORO_SCHED_OTHER', priority 0, cpu affinity 255 and period 0 (PID= 11241 ).
0.127 [ Warning][loadComponent] 'addPort' cur_base_pose_in_port: name already in use. Disconnecting and replacing previous port with new one.
0.127 [ Warning][loadComponent] 'addPort' cur_base_pose_in_port: name already in use as Service. Replacing previous service with new one.
0.128 [ Info   ][loadComponent] Adding manip as new peer:  OK.
0.129 [ Info   ][Thread] Creating Thread for scheduler=ORO_SCHED_RT, priority=99, CPU affinity=4294967295, with name='manip'
0.129 [ Warning][Thread] Lowering scheduler type to SCHED_OTHER for non-privileged users..
0.129 [ Warning][Thread] Forcing priority (99) of thread with SCHED_OTHER policy to 0.
0.129 [ Warning][manip] Lowering scheduler type to SCHED_OTHER for non-privileged users..
0.129 [ Info   ][manip] Thread created with scheduler type 'ORO_SCHED_OTHER', priority 0, cpu affinity 255 and period 0.002 (PID= 11242 ).
0.130 [ ERROR  ][ScriptingService] rob.ops :Parse error at line 13: No method "userHeight" registered for the object or task "manip".
0.130 [ Info   ][Thread] Creating Thread for scheduler=ORO_SCHED_OTHER, priority=1, CPU affinity=0, with name='TaskBrowser'
0.130 [ Info   ][TaskBrowser] Thread created with scheduler type 'ORO_SCHED_OTHER', priority 0, cpu affinity 255 and period 0 (PID= 11243 ).
0.130 [ Info   ][Logger] Entering Task Deployer
